plugins/capacitor-play-games/android/build/intermediates/manifest_merge_blame_file/debug/processDebugManifest/manifest-merger-blame-debug-report.txt
1<?xml version="1.0" encoding="utf-8"?>
2<manifest xmlns:android="http://schemas.android.com/apk/res/android"
3    package="app.flaggame.playgames" >
4
5    <uses-sdk android:minSdkVersion="24" />
5-->INJECTED
5-->INJECTED
6
7    <application>
7-->src\main\AndroidManifest.xml:2:5-6:19
8        <meta-data
8-->src\main\AndroidManifest.xml:3:9-5:64
9            android:name="com.google.android.gms.games.APP_ID"
9-->src\main\AndroidManifest.xml:4:13-63
10            android:value="@string/game_services_project_id" />
10-->src\main\AndroidManifest.xml:5:13-61
11    </application>
12
13</manifest>